[0.041s] Invoking command in '/home/pyrosage/trainee_module/build/zed_components': CMAKE_PREFIX_PATH=/opt/ros/galactic /usr/bin/cmake /home/pyrosage/trainee_module/src/zed-ros2-wrapper/zed_components -DCMAKE_INSTALL_PREFIX=/home/pyrosage/trainee_module/install/zed_components
[0.066s] *** WARNING *** ROS2 galactic is not officially supported by this package. Correct working is not guarantee.
[0.083s] CMake Error at CMakeLists.txt:81 (find_package):
[0.083s]   By not providing "FindZED.cmake" in CMAKE_MODULE_PATH this project has
[0.084s]   asked CMake to find a package configuration file provided by "ZED", but
[0.084s]   CMake did not find one.
[0.084s] 
[0.084s]   Could not find a package configuration file provided by "ZED" (requested
[0.084s]   version 4) with any of the following names:
[0.084s] 
[0.084s]     ZEDConfig.cmake
[0.084s]     zed-config.cmake
[0.084s] 
[0.084s]   Add the installation prefix of "ZED" to CMAKE_PREFIX_PATH or set "ZED_DIR"
[0.084s]   to a directory containing one of the above files.  If "ZED" provides a
[0.085s]   separate development package or SDK, be sure it has been installed.
[0.085s] 
[0.085s] 
[0.085s] -- Configuring incomplete, errors occurred!
[0.085s] See also "/home/pyrosage/trainee_module/build/zed_components/CMakeFiles/CMakeOutput.log".
[0.094s] Invoked command in '/home/pyrosage/trainee_module/build/zed_components' returned '1': CMAKE_PREFIX_PATH=/opt/ros/galactic /usr/bin/cmake /home/pyrosage/trainee_module/src/zed-ros2-wrapper/zed_components -DCMAKE_INSTALL_PREFIX=/home/pyrosage/trainee_module/install/zed_components
