[0.031s] Invoking command in '/home/pyrosage/trainee_module/build/dv_msgs': /usr/bin/cmake /home/pyrosage/trainee_module/src/dv_msgs -DCMAKE_INSTALL_PREFIX=/home/pyrosage/trainee_module/install/dv_msgs
[0.261s] -- The C compiler identification is GNU 9.4.0
[0.449s] -- The CXX compiler identification is GNU 9.4.0
[0.465s] -- Check for working C compiler: /usr/bin/cc
[0.671s] -- Check for working C compiler: /usr/bin/cc -- works
[0.673s] -- Detecting C compiler ABI info
[0.815s] -- Detecting C compiler ABI info - done
[0.844s] -- Detecting C compile features
[0.844s] -- Detecting C compile features - done
[0.848s] -- Check for working CXX compiler: /usr/bin/c++
[1.035s] -- Check for working CXX compiler: /usr/bin/c++ -- works
[1.038s] -- Detecting CXX compiler ABI info
[1.197s] -- Detecting CXX compiler ABI info - done
[1.244s] -- Detecting CXX compile features
[1.246s] -- Detecting CXX compile features - done
[1.260s] CMake Error at CMakeLists.txt:19 (find_package):
[1.260s]   By not providing "Findament_cmake.cmake" in CMAKE_MODULE_PATH this project
[1.260s]   has asked CMake to find a package configuration file provided by
[1.261s]   "ament_cmake", but CMake did not find one.
[1.261s] 
[1.261s]   Could not find a package configuration file provided by "ament_cmake" with
[1.261s]   any of the following names:
[1.261s] 
[1.261s]     ament_cmakeConfig.cmake
[1.261s]     ament_cmake-config.cmake
[1.261s] 
[1.261s]   Add the installation prefix of "ament_cmake" to CMAKE_PREFIX_PATH or set
[1.262s]   "ament_cmake_DIR" to a directory containing one of the above files.  If
[1.262s]   "ament_cmake" provides a separate development package or SDK, be sure it
[1.262s]   has been installed.
[1.262s] 
[1.262s] 
[1.262s] -- Configuring incomplete, errors occurred!
[1.263s] See also "/home/pyrosage/trainee_module/build/dv_msgs/CMakeFiles/CMakeOutput.log".
