[0.036s] Invoking command in '/home/pyrosage/trainee_module/build/velodyne_msgs': /usr/bin/cmake /home/pyrosage/trainee_module/src/velodyne/velodyne_msgs -DCATKIN_INSTALL_INTO_PREFIX_ROOT=0 -DCMAKE_INSTALL_PREFIX=/home/pyrosage/trainee_module/install/velodyne_msgs
[0.283s] -- The C compiler identification is GNU 9.4.0
[0.512s] -- The CXX compiler identification is GNU 9.4.0
[0.526s] -- Check for working C compiler: /usr/bin/cc
[0.671s] -- Check for working C compiler: /usr/bin/cc -- works
[0.671s] -- Detecting C compiler ABI info
[0.859s] -- Detecting C compiler ABI info - done
[0.883s] -- Detecting C compile features
[0.884s] -- Detecting C compile features - done
[0.890s] -- Check for working CXX compiler: /usr/bin/c++
[1.088s] -- Check for working CXX compiler: /usr/bin/c++ -- works
[1.091s] -- Detecting CXX compiler ABI info
[1.232s] -- Detecting CXX compiler ABI info - done
[1.263s] -- Detecting CXX compile features
[1.263s] -- Detecting CXX compile features - done
[1.279s] CMake Error at CMakeLists.txt:4 (find_package):
[1.279s]   By not providing "Findcatkin.cmake" in CMAKE_MODULE_PATH this project has
[1.279s]   asked CMake to find a package configuration file provided by "catkin", but
[1.279s]   CMake did not find one.
[1.280s] 
[1.280s]   Could not find a package configuration file provided by "catkin" with any
[1.280s]   of the following names:
[1.280s] 
[1.280s]     catkinConfig.cmake
[1.280s]     catkin-config.cmake
[1.280s] 
[1.280s]   Add the installation prefix of "catkin" to CMAKE_PREFIX_PATH or set
[1.281s]   "catkin_DIR" to a directory containing one of the above files.  If "catkin"
[1.281s]   provides a separate development package or SDK, be sure it has been
[1.281s]   installed.
[1.281s] 
[1.281s] 
[1.281s] -- Configuring incomplete, errors occurred!
[1.281s] See also "/home/pyrosage/trainee_module/build/velodyne_msgs/CMakeFiles/CMakeOutput.log".
