[0.027s] Invoking command in '/home/pyrosage/trainee_module/build/zed_components': /usr/bin/cmake /home/pyrosage/trainee_module/src/zed-ros2-wrapper/zed_components -DCMAKE_INSTALL_PREFIX=/home/pyrosage/trainee_module/install/zed_components
[0.274s] -- The C compiler identification is GNU 9.4.0
[0.450s] -- The CXX compiler identification is GNU 9.4.0
[0.474s] -- Check for working C compiler: /usr/bin/cc
[0.638s] -- Check for working C compiler: /usr/bin/cc -- works
[0.639s] -- Detecting C compiler ABI info
[0.804s] -- Detecting C compiler ABI info - done
[0.828s] -- Detecting C compile features
[0.845s] -- Detecting C compile features - done
[0.853s] -- Check for working CXX compiler: /usr/bin/c++
[1.014s] -- Check for working CXX compiler: /usr/bin/c++ -- works
[1.016s] -- Detecting CXX compiler ABI info
[1.169s] -- Detecting CXX compiler ABI info - done
[1.202s] -- Detecting CXX compile features
[1.203s] -- Detecting CXX compile features - done
[1.204s] * ROS2 distro variable not set. Trying to figure it out...
[1.206s] *** WARNING *** ROS2 galactic is not officially supported by this package. Correct working is not guarantee.
[1.230s] CMake Error at CMakeLists.txt:81 (find_package):
[1.230s]   By not providing "FindZED.cmake" in CMAKE_MODULE_PATH this project has
[1.230s]   asked CMake to find a package configuration file provided by "ZED", but
[1.230s]   CMake did not find one.
[1.230s] 
[1.230s]   Could not find a package configuration file provided by "ZED" (requested
[1.230s]   version 4) with any of the following names:
[1.231s] 
[1.231s]     ZEDConfig.cmake
[1.231s]     zed-config.cmake
[1.231s] 
[1.231s]   Add the installation prefix of "ZED" to CMAKE_PREFIX_PATH or set "ZED_DIR"
[1.231s]   to a directory containing one of the above files.  If "ZED" provides a
[1.231s]   separate development package or SDK, be sure it has been installed.
[1.231s] 
[1.231s] 
[1.231s] -- Configuring incomplete, errors occurred!
[1.232s] See also "/home/pyrosage/trainee_module/build/zed_components/CMakeFiles/CMakeOutput.log".
[1.240s] Invoked command in '/home/pyrosage/trainee_module/build/zed_components' returned '1': /usr/bin/cmake /home/pyrosage/trainee_module/src/zed-ros2-wrapper/zed_components -DCMAKE_INSTALL_PREFIX=/home/pyrosage/trainee_module/install/zed_components
