[0.051s] Invoking command in '/home/pyrosage/trainee_module/build/dv_msgs': CMAKE_PREFIX_PATH=/opt/ros/galactic /usr/bin/cmake /home/pyrosage/trainee_module/src/dv_msgs -DCMAKE_INSTALL_PREFIX=/home/pyrosage/trainee_module/install/dv_msgs
[0.091s] -- Found ament_cmake: 1.1.6 (/opt/ros/galactic/share/ament_cmake/cmake)
[0.142s] -- Found PythonInterp: /usr/bin/python3 (found suitable version "3.8.10", minimum required is "3") 
[0.142s] -- Using PYTHON_EXECUTABLE: /usr/bin/python3
[0.268s] -- Found ament_lint_auto: 0.10.7 (/opt/ros/galactic/share/ament_lint_auto/cmake)
[0.458s] -- Found geometry_msgs: 2.2.4 (/opt/ros/galactic/share/geometry_msgs/cmake)
[0.520s] -- Using all available rosidl_typesupport_c: rosidl_typesupport_fastrtps_c;rosidl_typesupport_introspection_c
[0.533s] -- Found rosidl_adapter: 2.2.3 (/opt/ros/galactic/share/rosidl_adapter/cmake)
[0.672s] -- Found OpenSSL: /usr/lib/x86_64-linux-gnu/libcrypto.so (found version "1.1.1f")  
[0.710s] -- Found FastRTPS: /opt/ros/galactic/include  
[0.832s] -- Using all available rosidl_typesupport_cpp: rosidl_typesupport_fastrtps_cpp;rosidl_typesupport_introspection_cpp
[0.957s] -- Found visualization_msgs: 2.2.4 (/opt/ros/galactic/share/visualization_msgs/cmake)
[1.069s] -- Found rosidl_default_generators: 1.1.1 (/opt/ros/galactic/share/rosidl_default_generators/cmake)
[1.123s] -- Found PythonInterp: /usr/bin/python3 (found version "3.8.10") 
[1.385s] -- Found ament_cmake_ros: 0.9.2 (/opt/ros/galactic/share/ament_cmake_ros/cmake)
[1.802s] -- Using all available rosidl_typesupport_c: rosidl_typesupport_fastrtps_c;rosidl_typesupport_introspection_c
[1.992s] -- Using all available rosidl_typesupport_cpp: rosidl_typesupport_fastrtps_cpp;rosidl_typesupport_introspection_cpp
[2.024s] -- Found PythonInterp: /usr/bin/python3 (found suitable version "3.8.10", minimum required is "3.5") 
[2.026s] -- Found python_cmake_module: 0.8.1 (/opt/ros/galactic/share/python_cmake_module/cmake)
[2.068s] -- Found PythonLibs: /usr/lib/x86_64-linux-gnu/libpython3.8.so (found suitable version "3.8.10", minimum required is "3.5") 
[2.068s] -- Using PYTHON_EXECUTABLE: /usr/bin/python3
[2.069s] -- Using PYTHON_INCLUDE_DIRS: /usr/include/python3.8
[2.069s] -- Using PYTHON_LIBRARIES: /usr/lib/x86_64-linux-gnu/libpython3.8.so
[2.096s] -- Found PythonExtra: .so  
[2.235s] -- Added test 'copyright' to check source files copyright and LICENSE
[2.238s] -- Added test 'lint_cmake' to check CMake code style
[2.240s] -- Added test 'xmllint' to check XML markup files
[2.251s] -- Configuring done
[2.386s] -- Generating done
[2.390s] -- Build files have been written to: /home/pyrosage/trainee_module/build/dv_msgs
