[0.031s] Invoking command in '/home/pyrosage/trainee_module/build/velodyne_laserscan': /usr/bin/cmake /home/pyrosage/trainee_module/src/velodyne/velodyne_laserscan -DCATKIN_INSTALL_INTO_PREFIX_ROOT=0 -DCMAKE_INSTALL_PREFIX=/home/pyrosage/trainee_module/install/velodyne_laserscan
[0.285s] -- The C compiler identification is GNU 9.4.0
[0.463s] -- The CXX compiler identification is GNU 9.4.0
[0.479s] -- Check for working C compiler: /usr/bin/cc
[0.665s] -- Check for working C compiler: /usr/bin/cc -- works
[0.666s] -- Detecting C compiler ABI info
[0.860s] -- Detecting C compiler ABI info - done
[0.895s] -- Detecting C compile features
[0.897s] -- Detecting C compile features - done
[0.903s] -- Check for working CXX compiler: /usr/bin/c++
[1.049s] -- Check for working CXX compiler: /usr/bin/c++ -- works
[1.050s] -- Detecting CXX compiler ABI info
[1.197s] -- Detecting CXX compiler ABI info - done
[1.224s] -- Detecting CXX compile features
[1.225s] -- Detecting CXX compile features - done
[1.247s] CMake Error at CMakeLists.txt:13 (find_package):
[1.248s]   By not providing "Findcatkin.cmake" in CMAKE_MODULE_PATH this project has
[1.248s]   asked CMake to find a package configuration file provided by "catkin", but
[1.248s]   CMake did not find one.
[1.248s] 
[1.248s]   Could not find a package configuration file provided by "catkin" with any
[1.248s]   of the following names:
[1.248s] 
[1.248s]     catkinConfig.cmake
[1.249s]     catkin-config.cmake
[1.249s] 
[1.249s]   Add the installation prefix of "catkin" to CMAKE_PREFIX_PATH or set
[1.249s]   "catkin_DIR" to a directory containing one of the above files.  If "catkin"
[1.249s]   provides a separate development package or SDK, be sure it has been
[1.249s]   installed.
[1.249s] 
[1.249s] 
[1.252s] -- Configuring incomplete, errors occurred!
[1.252s] See also "/home/pyrosage/trainee_module/build/velodyne_laserscan/CMakeFiles/CMakeOutput.log".
[1.265s] Invoked command in '/home/pyrosage/trainee_module/build/velodyne_laserscan' returned '1': /usr/bin/cmake /home/pyrosage/trainee_module/src/velodyne/velodyne_laserscan -DCATKIN_INSTALL_INTO_PREFIX_ROOT=0 -DCMAKE_INSTALL_PREFIX=/home/pyrosage/trainee_module/install/velodyne_laserscan
